Messages
========

.:
    L-:- None: frosted - failure
    Tool frosted failed to run (exception was raised, re-run prospector with -X to see the stacktrace)

dalalstreet.py:
    L143:- StockPricesDataProvider.get_closing_price: mccabe - MC0001
    StockPricesDataProvider.get_closing_price is too complex (14)

dalalstreet.py:
    L143:- None: pep257 - D102
    Missing docstring in public method

dalalstreet.py:
    L4:1 None: mypy - error
    Skipping analyzing "pandas": found module but no type hints or library stubs

dalalstreet.py:
    L4:1 None: mypy - note
    See https://mypy.readthedocs.io/en/stable/running_mypy.html#missing-imports

dalalstreet.py:
    L5:1 None: mypy - error
    Skipping analyzing "yfinance": found module but no type hints or library stubs

dalalstreet.py:
    L6:1 None: mypy - error
    Skipping analyzing "fuzzywuzzy": found module but no type hints or library stubs

dalalstreet.py:
    L1:- None: pep257 - D100
    Missing docstring in public module

dalalstreet.py:
    L9:- None: pep257 - D101
    Missing docstring in public class

dalalstreet.py:
    L13:- None: pep257 - D105
    Missing docstring in magic method

dalalstreet.py:
    L17:- None: pep257 - D101
    Missing docstring in public class

dalalstreet.py:
    L18:- None: pep257 - D107
    Missing docstring in __init__

dalalstreet.py:
    L44:- None: pep257 - D102
    Missing docstring in public method

dalalstreet.py:
    L52:- None: pep257 - D102
    Missing docstring in public method

dalalstreet.py:
    L63:- None: pep257 - D102
    Missing docstring in public method

dalalstreet.py:
    L72:- None: pep257 - D102
    Missing docstring in public method

dalalstreet.py:
    L94:- None: pep257 - D101
    Missing docstring in public class

dalalstreet.py:
    L95:- None: pep257 - D107
    Missing docstring in __init__

dalalstreet.py:
    L120:- None: pep257 - D102
    Missing docstring in public method

dalalstreet.py:
    L134:- None: pep257 - D102
    Missing docstring in public method

dalalstreet.py:
    L206:- None: pep257 - D102
    Missing docstring in public method

dalalstreet.py:
    L248:- None: pep257 - D203
    1 blank line required before class docstring (found 0)

dalalstreet.py:
    L21:60 None: pep8 - W291
    trailing whitespace

dalalstreet.py:
    L22:121 None: pep8 - E501
    line too long (125 > 120 characters)

dalalstreet.py:
    L29:121 None: pep8 - E501
    line too long (121 > 120 characters)

dalalstreet.py:
    L34:121 None: pep8 - E501
    line too long (123 > 120 characters)

dalalstreet.py:
    L69:121 None: pep8 - E501
    line too long (127 > 120 characters)

dalalstreet.py:
    L74:121 None: pep8 - E501
    line too long (131 > 120 characters)

dalalstreet.py:
    L84:121 None: pep8 - E501
    line too long (121 > 120 characters)

dalalstreet.py:
    L99:121 None: pep8 - E501
    line too long (125 > 120 characters)

dalalstreet.py:
    L105:121 None: pep8 - E501
    line too long (152 > 120 characters)

dalalstreet.py:
    L106:121 None: pep8 - E501
    line too long (169 > 120 characters)

dalalstreet.py:
    L126:121 None: pep8 - E501
    line too long (147 > 120 characters)

dalalstreet.py:
    L127:121 None: pep8 - E501
    line too long (121 > 120 characters)

dalalstreet.py:
    L129:121 None: pep8 - E501
    line too long (128 > 120 characters)

dalalstreet.py:
    L132:121 None: pep8 - E501
    line too long (141 > 120 characters)

dalalstreet.py:
    L133:1 None: pep8 - W293
    blank line contains whitespace

dalalstreet.py:
    L147:121 None: pep8 - E501
    line too long (147 > 120 characters)

dalalstreet.py:
    L152:121 None: pep8 - E501
    line too long (134 > 120 characters)

dalalstreet.py:
    L158:45 None: pep8 - E126
    continuation line over-indented for hanging indent

dalalstreet.py:
    L165:121 None: pep8 - E501
    line too long (160 > 120 characters)

dalalstreet.py:
    L169:121 None: pep8 - E501
    line too long (153 > 120 characters)

dalalstreet.py:
    L172:121 None: pep8 - E501
    line too long (159 > 120 characters)

dalalstreet.py:
    L178:121 None: pep8 - E501
    line too long (134 > 120 characters)

dalalstreet.py:
    L188:121 None: pep8 - E501
    line too long (163 > 120 characters)

dalalstreet.py:
    L191:121 None: pep8 - E501
    line too long (133 > 120 characters)

dalalstreet.py:
    L218:121 None: pep8 - E501
    line too long (151 > 120 characters)

dalalstreet.py:
    L222:121 None: pep8 - E501
    line too long (121 > 120 characters)

dalalstreet.py:
    L236:121 None: pep8 - E501
    line too long (154 > 120 characters)

dalalstreet.py:
    L240:121 None: pep8 - E501
    line too long (180 > 120 characters)

dalalstreet.py:
    L243:121 None: pep8 - E501
    line too long (136 > 120 characters)

dalalstreet.py:
    L244:121 None: pep8 - E501
    line too long (137 > 120 characters)

dalalstreet (dalalstreet.py):
    L41:12 CompaniesInfo.__init__: pylint - unused-private-member
    Unused private member `CompaniesInfo.__unused`

dalalstreet.py:
    L41:- None: vulture - unused-variable
    Unused variable '__unused'

dalalstreet (dalalstreet.py):
    L198:8 StockPricesDataProvider.get_closing_price: pylint - no-else-return
    Unnecessary "else" after "return"

dalalstreet.py:
    L42:- None: vulture - unused-attribute
    Unused attribute 'columns'

multibeggar.py:
    L4:1 None: mypy - error
    Skipping analyzing "pandas": found module but no type hints or library stubs

multibeggar.py:
    L5:1 None: mypy - error
    Skipping analyzing "matplotlib": found module but no type hints or library stubs

multibeggar.py:
    L1:- None: pep257 - D100
    Missing docstring in public module

multibeggar (multibeggar.py):
    L9:- Multibeggar: pylint - too-many-instance-attributes
    Too many instance attributes (8/7)

multibeggar.py:
    L9:- None: pep257 - D101
    Missing docstring in public class

multibeggar.py:
    L10:- None: pep257 - D107
    Missing docstring in __init__

multibeggar.py:
    L22:- None: pep257 - D102
    Missing docstring in public method

multibeggar.py:
    L26:- None: pep257 - D102
    Missing docstring in public method

multibeggar.py:
    L39:- None: pep257 - D102
    Missing docstring in public method

multibeggar.py:
    L11:121 None: pep8 - E501
    line too long (236 > 120 characters)

multibeggar.py:
    L17:121 None: pep8 - E501
    line too long (157 > 120 characters)

multibeggar.py:
    L31:121 None: pep8 - E501
    line too long (131 > 120 characters)

multibeggar (multibeggar.py):
    L33:8 Multibeggar.plot_portfolio_complexity: pylint - attribute-defined-outside-init
    Attribute 'portfolio_complexity_data' defined outside __init__

multibeggar.py:
    L33:121 None: pep8 - E501
    line too long (200 > 120 characters)

multibeggar.py:
    L34:121 None: pep8 - E501
    line too long (137 > 120 characters)

multibeggar (multibeggar.py):
    L46:8 Multibeggar.compute_portfolio_complexity: pylint - expression-not-assigned
    Expression "[portfolio_complexity := portfolio_complexity + value * exp(exponent_tuning_factor * index) for (index, value) in enumerate(sorted_proportions)]" is assigned to nothing

multibeggar.py:
    L46:121 None: pep8 - E501
    line too long (150 > 120 characters)

multibeggar.py:
    L73:121 None: pep8 - E501
    line too long (135 > 120 characters)

multibeggar.py:
    L97:121 None: pep8 - E501
    line too long (189 > 120 characters)

multibeggar.py:
    L112:121 None: pep8 - E501
    line too long (133 > 120 characters)

multibeggar.py:
    L141:121 None: pep8 - E501
    line too long (127 > 120 characters)

multibeggar.py:
    L146:121 None: pep8 - E501
    line too long (138 > 120 characters)

multibeggar (multibeggar.py):
    L23:8 Multibeggar.load_transactions_from_excel_file: pylint - attribute-defined-outside-init
    Attribute 'input_file_path' defined outside __init__

multibeggar (multibeggar.py):
    L24:8 Multibeggar.load_transactions_from_excel_file: pylint - attribute-defined-outside-init
    Attribute 'transactions_list' defined outside __init__

multibeggar (multibeggar.py):
    L83:12 Multibeggar.__prepare_for_portfolio_complexity_calculation.append_sentinel_row: pylint - attribute-defined-outside-init
    Attribute 'transactions_list' defined outside __init__

multibeggar (multibeggar.py):
    L113:8 Multibeggar.__compute_daywise_portfolio: pylint - attribute-defined-outside-init
    Attribute 'daywise_full_portfolio' defined outside __init__

multibeggar (multibeggar.py):
    L114:8 Multibeggar.__compute_daywise_portfolio: pylint - attribute-defined-outside-init
    Attribute 'portfolio_complexity_data' defined outside __init__

multibeggar (multibeggar.py):
    L116:12 Multibeggar.__compute_daywise_portfolio: pylint - unused-private-member
    Unused private member `Multibeggar.__unused`

multibeggar.py:
    L116:- None: vulture - unused-variable
    Unused variable '__unused'

multibeggar (multibeggar.py):
    L126:16 Multibeggar.__compute_daywise_portfolio: pylint - attribute-defined-outside-init
    Attribute 'daywise_full_portfolio' defined outside __init__

__init__.py:
    L1:- None: pep257 - D104
    Missing docstring in public package



Check Information
=================
         Started: 2021-12-17 10:58:07.662616
        Finished: 2021-12-17 10:58:15.026498
      Time Taken: 7.36 seconds
       Formatter: text
        Profiles: prospector_profile.yaml, full_pep8, no_doc_warnings, no_test_warnings, strictness_veryhigh, no_member_warnings
      Strictness: from profile
  Libraries Used: 
       Tools Run: bandit, dodgy, frosted, mccabe, mypy, pep257, pep8, profile-validator, pyflakes, pylint, pyroma, vulture
  Messages Found: 87

